{
    "meta": {
        "format": 3,
        "version": "7.8.0",
        "timestamp": "2025-04-16T02:31:06.650149",
        "branch_coverage": false,
        "show_contexts": false
    },
    "files": {
        "src\\python_taxes\\__init__.py": {
            "executed_lines": [
                1,
                3,
                5,
                7
            ],
            "summary": {
                "covered_lines": 4,
                "num_statements": 4,
                "percent_covered": 100.0,
                "percent_covered_display": "100",
                "missing_lines": 0,
                "excluded_lines": 0
            },
            "missing_lines": [],
            "excluded_lines": [],
            "functions": {
                "": {
                    "executed_lines": [
                        1,
                        3,
                        5,
                        7
                    ],
                    "summary": {
                        "covered_lines": 4,
                        "num_statements": 4,
                        "percent_covered": 100.0,
                        "percent_covered_display": "100",
                        "missing_lines": 0,
                        "excluded_lines": 0
                    },
                    "missing_lines": [],
                    "excluded_lines": []
                }
            },
            "classes": {
                "": {
                    "executed_lines": [
                        1,
                        3,
                        5,
                        7
                    ],
                    "summary": {
                        "covered_lines": 4,
                        "num_statements": 4,
                        "percent_covered": 100.0,
                        "percent_covered_display": "100",
                        "missing_lines": 0,
                        "excluded_lines": 0
                    },
                    "missing_lines": [],
                    "excluded_lines": []
                }
            }
        },
        "src\\python_taxes\\federal\\__init__.py": {
            "executed_lines": [
                1,
                3,
                5,
                7,
                9,
                16,
                17,
                18,
                19
            ],
            "summary": {
                "covered_lines": 9,
                "num_statements": 9,
                "percent_covered": 100.0,
                "percent_covered_display": "100",
                "missing_lines": 0,
                "excluded_lines": 0
            },
            "missing_lines": [],
            "excluded_lines": [],
            "functions": {
                "is_valid_tax_year": {
                    "executed_lines": [
                        17,
                        18,
                        19
                    ],
                    "summary": {
                        "covered_lines": 3,
                        "num_statements": 3,
                        "percent_covered": 100.0,
                        "percent_covered_display": "100",
                        "missing_lines": 0,
                        "excluded_lines": 0
                    },
                    "missing_lines": [],
                    "excluded_lines": []
                },
                "": {
                    "executed_lines": [
                        1,
                        3,
                        5,
                        7,
                        9,
                        16
                    ],
                    "summary": {
                        "covered_lines": 6,
                        "num_statements": 6,
                        "percent_covered": 100.0,
                        "percent_covered_display": "100",
                        "missing_lines": 0,
                        "excluded_lines": 0
                    },
                    "missing_lines": [],
                    "excluded_lines": []
                }
            },
            "classes": {
                "": {
                    "executed_lines": [
                        1,
                        3,
                        5,
                        7,
                        9,
                        16,
                        17,
                        18,
                        19
                    ],
                    "summary": {
                        "covered_lines": 9,
                        "num_statements": 9,
                        "percent_covered": 100.0,
                        "percent_covered_display": "100",
                        "missing_lines": 0,
                        "excluded_lines": 0
                    },
                    "missing_lines": [],
                    "excluded_lines": []
                }
            }
        },
        "src\\python_taxes\\federal\\income\\__init__.py": {
            "executed_lines": [
                1
            ],
            "summary": {
                "covered_lines": 1,
                "num_statements": 1,
                "percent_covered": 100.0,
                "percent_covered_display": "100",
                "missing_lines": 0,
                "excluded_lines": 0
            },
            "missing_lines": [],
            "excluded_lines": [],
            "functions": {
                "": {
                    "executed_lines": [
                        1
                    ],
                    "summary": {
                        "covered_lines": 1,
                        "num_statements": 1,
                        "percent_covered": 100.0,
                        "percent_covered_display": "100",
                        "missing_lines": 0,
                        "excluded_lines": 0
                    },
                    "missing_lines": [],
                    "excluded_lines": []
                }
            },
            "classes": {
                "": {
                    "executed_lines": [
                        1
                    ],
                    "summary": {
                        "covered_lines": 1,
                        "num_statements": 1,
                        "percent_covered": 100.0,
                        "percent_covered_display": "100",
                        "missing_lines": 0,
                        "excluded_lines": 0
                    },
                    "missing_lines": [],
                    "excluded_lines": []
                }
            }
        },
        "src\\python_taxes\\federal\\income\\payroll\\__init__.py": {
            "executed_lines": [
                0
            ],
            "summary": {
                "covered_lines": 0,
                "num_statements": 0,
                "percent_covered": 100.0,
                "percent_covered_display": "100",
                "missing_lines": 0,
                "excluded_lines": 0
            },
            "missing_lines": [],
            "excluded_lines": [],
            "functions": {
                "": {
                    "executed_lines": [],
                    "summary": {
                        "covered_lines": 0,
                        "num_statements": 0,
                        "percent_covered": 100.0,
                        "percent_covered_display": "100",
                        "missing_lines": 0,
                        "excluded_lines": 0
                    },
                    "missing_lines": [],
                    "excluded_lines": []
                }
            },
            "classes": {
                "": {
                    "executed_lines": [],
                    "summary": {
                        "covered_lines": 0,
                        "num_statements": 0,
                        "percent_covered": 100.0,
                        "percent_covered_display": "100",
                        "missing_lines": 0,
                        "excluded_lines": 0
                    },
                    "missing_lines": [],
                    "excluded_lines": []
                }
            }
        },
        "src\\python_taxes\\federal\\income\\payroll\\automated.py": {
            "executed_lines": [
                1,
                2,
                4,
                6,
                7,
                9,
                11,
                22,
                23,
                62,
                63,
                64,
                65,
                66,
                67,
                68,
                69,
                70,
                71,
                72,
                73,
                74,
                75,
                76,
                77,
                79,
                81,
                84,
                85,
                86,
                87,
                89,
                93,
                96,
                97,
                100,
                101,
                103,
                110,
                111,
                141,
                142,
                143,
                144,
                145,
                147,
                149,
                151,
                154,
                155,
                156,
                157,
                159,
                163,
                167,
                168,
                170
            ],
            "summary": {
                "covered_lines": 57,
                "num_statements": 57,
                "percent_covered": 100.0,
                "percent_covered_display": "100",
                "missing_lines": 0,
                "excluded_lines": 0
            },
            "missing_lines": [],
            "excluded_lines": [],
            "functions": {
                "employer_withholding": {
                    "executed_lines": [
                        62,
                        63,
                        64,
                        65,
                        66,
                        67,
                        68,
                        69,
                        70,
                        71,
                        72,
                        73,
                        74,
                        75,
                        76,
                        77,
                        79,
                        81,
                        84,
                        85,
                        86,
                        87,
                        89,
                        93,
                        96,
                        97,
                        100,
                        101,
                        103
                    ],
                    "summary": {
                        "covered_lines": 29,
                        "num_statements": 29,
                        "percent_covered": 100.0,
                        "percent_covered_display": "100",
                        "missing_lines": 0,
                        "excluded_lines": 0
                    },
                    "missing_lines": [],
                    "excluded_lines": []
                },
                "employer_withholding_pre_2020": {
                    "executed_lines": [
                        141,
                        142,
                        143,
                        144,
                        145,
                        147,
                        149,
                        151,
                        154,
                        155,
                        156,
                        157,
                        159,
                        163,
                        167,
                        168,
                        170
                    ],
                    "summary": {
                        "covered_lines": 17,
                        "num_statements": 17,
                        "percent_covered": 100.0,
                        "percent_covered_display": "100",
                        "missing_lines": 0,
                        "excluded_lines": 0
                    },
                    "missing_lines": [],
                    "excluded_lines": []
                },
                "": {
                    "executed_lines": [
                        1,
                        2,
                        4,
                        6,
                        7,
                        9,
                        11,
                        22,
                        23,
                        110,
                        111
                    ],
                    "summary": {
                        "covered_lines": 11,
                        "num_statements": 11,
                        "percent_covered": 100.0,
                        "percent_covered_display": "100",
                        "missing_lines": 0,
                        "excluded_lines": 0
                    },
                    "missing_lines": [],
                    "excluded_lines": []
                }
            },
            "classes": {
                "": {
                    "executed_lines": [
                        1,
                        2,
                        4,
                        6,
                        7,
                        9,
                        11,
                        22,
                        23,
                        62,
                        63,
                        64,
                        65,
                        66,
                        67,
                        68,
                        69,
                        70,
                        71,
                        72,
                        73,
                        74,
                        75,
                        76,
                        77,
                        79,
                        81,
                        84,
                        85,
                        86,
                        87,
                        89,
                        93,
                        96,
                        97,
                        100,
                        101,
                        103,
                        110,
                        111,
                        141,
                        142,
                        143,
                        144,
                        145,
                        147,
                        149,
                        151,
                        154,
                        155,
                        156,
                        157,
                        159,
                        163,
                        167,
                        168,
                        170
                    ],
                    "summary": {
                        "covered_lines": 57,
                        "num_statements": 57,
                        "percent_covered": 100.0,
                        "percent_covered_display": "100",
                        "missing_lines": 0,
                        "excluded_lines": 0
                    },
                    "missing_lines": [],
                    "excluded_lines": []
                }
            }
        },
        "src\\python_taxes\\federal\\income\\tables\\percentage\\__init__.py": {
            "executed_lines": [
                1,
                2,
                4,
                6,
                9,
                10,
                12,
                13,
                14,
                15
            ],
            "summary": {
                "covered_lines": 9,
                "num_statements": 9,
                "percent_covered": 100.0,
                "percent_covered_display": "100",
                "missing_lines": 0,
                "excluded_lines": 0
            },
            "missing_lines": [],
            "excluded_lines": [],
            "functions": {
                "": {
                    "executed_lines": [
                        1,
                        2,
                        4,
                        6,
                        9,
                        10,
                        12,
                        13,
                        14,
                        15
                    ],
                    "summary": {
                        "covered_lines": 9,
                        "num_statements": 9,
                        "percent_covered": 100.0,
                        "percent_covered_display": "100",
                        "missing_lines": 0,
                        "excluded_lines": 0
                    },
                    "missing_lines": [],
                    "excluded_lines": []
                }
            },
            "classes": {
                "RateRow": {
                    "executed_lines": [],
                    "summary": {
                        "covered_lines": 0,
                        "num_statements": 0,
                        "percent_covered": 100.0,
                        "percent_covered_display": "100",
                        "missing_lines": 0,
                        "excluded_lines": 0
                    },
                    "missing_lines": [],
                    "excluded_lines": []
                },
                "": {
                    "executed_lines": [
                        1,
                        2,
                        4,
                        6,
                        9,
                        10,
                        12,
                        13,
                        14,
                        15
                    ],
                    "summary": {
                        "covered_lines": 9,
                        "num_statements": 9,
                        "percent_covered": 100.0,
                        "percent_covered_display": "100",
                        "missing_lines": 0,
                        "excluded_lines": 0
                    },
                    "missing_lines": [],
                    "excluded_lines": []
                }
            }
        },
        "src\\python_taxes\\federal\\income\\tables\\percentage\\automated\\__init__.py": {
            "executed_lines": [
                0
            ],
            "summary": {
                "covered_lines": 0,
                "num_statements": 0,
                "percent_covered": 100.0,
                "percent_covered_display": "100",
                "missing_lines": 0,
                "excluded_lines": 0
            },
            "missing_lines": [],
            "excluded_lines": [],
            "functions": {
                "": {
                    "executed_lines": [],
                    "summary": {
                        "covered_lines": 0,
                        "num_statements": 0,
                        "percent_covered": 100.0,
                        "percent_covered_display": "100",
                        "missing_lines": 0,
                        "excluded_lines": 0
                    },
                    "missing_lines": [],
                    "excluded_lines": []
                }
            },
            "classes": {
                "": {
                    "executed_lines": [],
                    "summary": {
                        "covered_lines": 0,
                        "num_statements": 0,
                        "percent_covered": 100.0,
                        "percent_covered_display": "100",
                        "missing_lines": 0,
                        "excluded_lines": 0
                    },
                    "missing_lines": [],
                    "excluded_lines": []
                }
            }
        },
        "src\\python_taxes\\federal\\income\\tables\\percentage\\automated\\hoh.py": {
            "executed_lines": [
                1,
                3,
                5,
                158
            ],
            "summary": {
                "covered_lines": 4,
                "num_statements": 4,
                "percent_covered": 100.0,
                "percent_covered_display": "100",
                "missing_lines": 0,
                "excluded_lines": 0
            },
            "missing_lines": [],
            "excluded_lines": [],
            "functions": {
                "": {
                    "executed_lines": [
                        1,
                        3,
                        5,
                        158
                    ],
                    "summary": {
                        "covered_lines": 4,
                        "num_statements": 4,
                        "percent_covered": 100.0,
                        "percent_covered_display": "100",
                        "missing_lines": 0,
                        "excluded_lines": 0
                    },
                    "missing_lines": [],
                    "excluded_lines": []
                }
            },
            "classes": {
                "": {
                    "executed_lines": [
                        1,
                        3,
                        5,
                        158
                    ],
                    "summary": {
                        "covered_lines": 4,
                        "num_statements": 4,
                        "percent_covered": 100.0,
                        "percent_covered_display": "100",
                        "missing_lines": 0,
                        "excluded_lines": 0
                    },
                    "missing_lines": [],
                    "excluded_lines": []
                }
            }
        },
        "src\\python_taxes\\federal\\income\\tables\\percentage\\automated\\married.py": {
            "executed_lines": [
                1,
                3,
                5,
                158
            ],
            "summary": {
                "covered_lines": 4,
                "num_statements": 4,
                "percent_covered": 100.0,
                "percent_covered_display": "100",
                "missing_lines": 0,
                "excluded_lines": 0
            },
            "missing_lines": [],
            "excluded_lines": [],
            "functions": {
                "": {
                    "executed_lines": [
                        1,
                        3,
                        5,
                        158
                    ],
                    "summary": {
                        "covered_lines": 4,
                        "num_statements": 4,
                        "percent_covered": 100.0,
                        "percent_covered_display": "100",
                        "missing_lines": 0,
                        "excluded_lines": 0
                    },
                    "missing_lines": [],
                    "excluded_lines": []
                }
            },
            "classes": {
                "": {
                    "executed_lines": [
                        1,
                        3,
                        5,
                        158
                    ],
                    "summary": {
                        "covered_lines": 4,
                        "num_statements": 4,
                        "percent_covered": 100.0,
                        "percent_covered_display": "100",
                        "missing_lines": 0,
                        "excluded_lines": 0
                    },
                    "missing_lines": [],
                    "excluded_lines": []
                }
            }
        },
        "src\\python_taxes\\federal\\income\\tables\\percentage\\automated\\single.py": {
            "executed_lines": [
                1,
                3,
                5,
                158
            ],
            "summary": {
                "covered_lines": 4,
                "num_statements": 4,
                "percent_covered": 100.0,
                "percent_covered_display": "100",
                "missing_lines": 0,
                "excluded_lines": 0
            },
            "missing_lines": [],
            "excluded_lines": [],
            "functions": {
                "": {
                    "executed_lines": [
                        1,
                        3,
                        5,
                        158
                    ],
                    "summary": {
                        "covered_lines": 4,
                        "num_statements": 4,
                        "percent_covered": 100.0,
                        "percent_covered_display": "100",
                        "missing_lines": 0,
                        "excluded_lines": 0
                    },
                    "missing_lines": [],
                    "excluded_lines": []
                }
            },
            "classes": {
                "": {
                    "executed_lines": [
                        1,
                        3,
                        5,
                        158
                    ],
                    "summary": {
                        "covered_lines": 4,
                        "num_statements": 4,
                        "percent_covered": 100.0,
                        "percent_covered_display": "100",
                        "missing_lines": 0,
                        "excluded_lines": 0
                    },
                    "missing_lines": [],
                    "excluded_lines": []
                }
            }
        },
        "src\\python_taxes\\federal\\medicare.py": {
            "executed_lines": [
                1,
                2,
                4,
                6,
                7,
                9,
                11,
                13,
                15,
                17,
                25,
                26,
                41,
                42,
                43,
                44,
                46,
                48,
                52,
                54,
                57,
                58,
                73,
                74,
                75,
                77,
                79,
                81,
                82,
                83,
                84,
                85,
                87,
                89
            ],
            "summary": {
                "covered_lines": 34,
                "num_statements": 34,
                "percent_covered": 100.0,
                "percent_covered_display": "100",
                "missing_lines": 0,
                "excluded_lines": 0
            },
            "missing_lines": [],
            "excluded_lines": [],
            "functions": {
                "required_withholding": {
                    "executed_lines": [
                        41,
                        42,
                        43,
                        44,
                        46,
                        48,
                        52,
                        54
                    ],
                    "summary": {
                        "covered_lines": 8,
                        "num_statements": 8,
                        "percent_covered": 100.0,
                        "percent_covered_display": "100",
                        "missing_lines": 0,
                        "excluded_lines": 0
                    },
                    "missing_lines": [],
                    "excluded_lines": []
                },
                "additional_withholding": {
                    "executed_lines": [
                        73,
                        74,
                        75,
                        77,
                        79,
                        81,
                        82,
                        83,
                        84,
                        85,
                        87,
                        89
                    ],
                    "summary": {
                        "covered_lines": 12,
                        "num_statements": 12,
                        "percent_covered": 100.0,
                        "percent_covered_display": "100",
                        "missing_lines": 0,
                        "excluded_lines": 0
                    },
                    "missing_lines": [],
                    "excluded_lines": []
                },
                "": {
                    "executed_lines": [
                        1,
                        2,
                        4,
                        6,
                        7,
                        9,
                        11,
                        13,
                        15,
                        17,
                        25,
                        26,
                        57,
                        58
                    ],
                    "summary": {
                        "covered_lines": 14,
                        "num_statements": 14,
                        "percent_covered": 100.0,
                        "percent_covered_display": "100",
                        "missing_lines": 0,
                        "excluded_lines": 0
                    },
                    "missing_lines": [],
                    "excluded_lines": []
                }
            },
            "classes": {
                "": {
                    "executed_lines": [
                        1,
                        2,
                        4,
                        6,
                        7,
                        9,
                        11,
                        13,
                        15,
                        17,
                        25,
                        26,
                        41,
                        42,
                        43,
                        44,
                        46,
                        48,
                        52,
                        54,
                        57,
                        58,
                        73,
                        74,
                        75,
                        77,
                        79,
                        81,
                        82,
                        83,
                        84,
                        85,
                        87,
                        89
                    ],
                    "summary": {
                        "covered_lines": 34,
                        "num_statements": 34,
                        "percent_covered": 100.0,
                        "percent_covered_display": "100",
                        "missing_lines": 0,
                        "excluded_lines": 0
                    },
                    "missing_lines": [],
                    "excluded_lines": []
                }
            }
        },
        "src\\python_taxes\\federal\\social_security.py": {
            "executed_lines": [
                1,
                2,
                4,
                6,
                7,
                9,
                11,
                13,
                20,
                21,
                39,
                40,
                41,
                42,
                43,
                44,
                46,
                48,
                50,
                51,
                53,
                54,
                55,
                57
            ],
            "summary": {
                "covered_lines": 24,
                "num_statements": 24,
                "percent_covered": 100.0,
                "percent_covered_display": "100",
                "missing_lines": 0,
                "excluded_lines": 0
            },
            "missing_lines": [],
            "excluded_lines": [],
            "functions": {
                "withholding": {
                    "executed_lines": [
                        39,
                        40,
                        41,
                        42,
                        43,
                        44,
                        46,
                        48,
                        50,
                        51,
                        53,
                        54,
                        55,
                        57
                    ],
                    "summary": {
                        "covered_lines": 14,
                        "num_statements": 14,
                        "percent_covered": 100.0,
                        "percent_covered_display": "100",
                        "missing_lines": 0,
                        "excluded_lines": 0
                    },
                    "missing_lines": [],
                    "excluded_lines": []
                },
                "": {
                    "executed_lines": [
                        1,
                        2,
                        4,
                        6,
                        7,
                        9,
                        11,
                        13,
                        20,
                        21
                    ],
                    "summary": {
                        "covered_lines": 10,
                        "num_statements": 10,
                        "percent_covered": 100.0,
                        "percent_covered_display": "100",
                        "missing_lines": 0,
                        "excluded_lines": 0
                    },
                    "missing_lines": [],
                    "excluded_lines": []
                }
            },
            "classes": {
                "": {
                    "executed_lines": [
                        1,
                        2,
                        4,
                        6,
                        7,
                        9,
                        11,
                        13,
                        20,
                        21,
                        39,
                        40,
                        41,
                        42,
                        43,
                        44,
                        46,
                        48,
                        50,
                        51,
                        53,
                        54,
                        55,
                        57
                    ],
                    "summary": {
                        "covered_lines": 24,
                        "num_statements": 24,
                        "percent_covered": 100.0,
                        "percent_covered_display": "100",
                        "missing_lines": 0,
                        "excluded_lines": 0
                    },
                    "missing_lines": [],
                    "excluded_lines": []
                }
            }
        },
        "tests\\__init__.py": {
            "executed_lines": [
                0
            ],
            "summary": {
                "covered_lines": 0,
                "num_statements": 0,
                "percent_covered": 100.0,
                "percent_covered_display": "100",
                "missing_lines": 0,
                "excluded_lines": 0
            },
            "missing_lines": [],
            "excluded_lines": [],
            "functions": {
                "": {
                    "executed_lines": [],
                    "summary": {
                        "covered_lines": 0,
                        "num_statements": 0,
                        "percent_covered": 100.0,
                        "percent_covered_display": "100",
                        "missing_lines": 0,
                        "excluded_lines": 0
                    },
                    "missing_lines": [],
                    "excluded_lines": []
                }
            },
            "classes": {
                "": {
                    "executed_lines": [],
                    "summary": {
                        "covered_lines": 0,
                        "num_statements": 0,
                        "percent_covered": 100.0,
                        "percent_covered_display": "100",
                        "missing_lines": 0,
                        "excluded_lines": 0
                    },
                    "missing_lines": [],
                    "excluded_lines": []
                }
            }
        },
        "tests\\federal\\income_test.py": {
            "executed_lines": [
                1,
                3,
                4,
                6,
                9,
                21,
                22,
                23,
                24,
                26,
                27,
                28,
                32,
                53,
                54,
                63,
                86,
                87,
                96,
                116,
                119,
                120,
                129,
                138,
                148,
                149,
                158,
                168,
                169,
                178,
                188,
                189,
                198,
                208,
                209,
                219,
                240,
                241,
                250,
                260,
                261,
                270,
                280,
                281
            ],
            "summary": {
                "covered_lines": 44,
                "num_statements": 44,
                "percent_covered": 100.0,
                "percent_covered_display": "100",
                "missing_lines": 0,
                "excluded_lines": 0
            },
            "missing_lines": [],
            "excluded_lines": [],
            "functions": {
                "TestZeroOrNegative.test_employer_withholding": {
                    "executed_lines": [
                        23,
                        24
                    ],
                    "summary": {
                        "covered_lines": 2,
                        "num_statements": 2,
                        "percent_covered": 100.0,
                        "percent_covered_display": "100",
                        "missing_lines": 0,
                        "excluded_lines": 0
                    },
                    "missing_lines": [],
                    "excluded_lines": []
                },
                "TestZeroOrNegative.test_employer_withholding_pre2020": {
                    "executed_lines": [
                        27,
                        28
                    ],
                    "summary": {
                        "covered_lines": 2,
                        "num_statements": 2,
                        "percent_covered": 100.0,
                        "percent_covered_display": "100",
                        "missing_lines": 0,
                        "excluded_lines": 0
                    },
                    "missing_lines": [],
                    "excluded_lines": []
                },
                "test_rounding_employer_withholding": {
                    "executed_lines": [
                        54
                    ],
                    "summary": {
                        "covered_lines": 1,
                        "num_statements": 1,
                        "percent_covered": 100.0,
                        "percent_covered_display": "100",
                        "missing_lines": 0,
                        "excluded_lines": 0
                    },
                    "missing_lines": [],
                    "excluded_lines": []
                },
                "test_pay_frequency_employer_withholding": {
                    "executed_lines": [
                        87
                    ],
                    "summary": {
                        "covered_lines": 1,
                        "num_statements": 1,
                        "percent_covered": 100.0,
                        "percent_covered_display": "100",
                        "missing_lines": 0,
                        "excluded_lines": 0
                    },
                    "missing_lines": [],
                    "excluded_lines": []
                },
                "test_status_jobs_employer_withholding": {
                    "executed_lines": [
                        119,
                        120,
                        129
                    ],
                    "summary": {
                        "covered_lines": 3,
                        "num_statements": 3,
                        "percent_covered": 100.0,
                        "percent_covered_display": "100",
                        "missing_lines": 0,
                        "excluded_lines": 0
                    },
                    "missing_lines": [],
                    "excluded_lines": []
                },
                "test_tax_credit_employer_withholding": {
                    "executed_lines": [
                        149
                    ],
                    "summary": {
                        "covered_lines": 1,
                        "num_statements": 1,
                        "percent_covered": 100.0,
                        "percent_covered_display": "100",
                        "missing_lines": 0,
                        "excluded_lines": 0
                    },
                    "missing_lines": [],
                    "excluded_lines": []
                },
                "test_other_income_employer_withholding": {
                    "executed_lines": [
                        169
                    ],
                    "summary": {
                        "covered_lines": 1,
                        "num_statements": 1,
                        "percent_covered": 100.0,
                        "percent_covered_display": "100",
                        "missing_lines": 0,
                        "excluded_lines": 0
                    },
                    "missing_lines": [],
                    "excluded_lines": []
                },
                "test_deductions_employer_withholding": {
                    "executed_lines": [
                        189
                    ],
                    "summary": {
                        "covered_lines": 1,
                        "num_statements": 1,
                        "percent_covered": 100.0,
                        "percent_covered_display": "100",
                        "missing_lines": 0,
                        "excluded_lines": 0
                    },
                    "missing_lines": [],
                    "excluded_lines": []
                },
                "test_extra_employer_withholding": {
                    "executed_lines": [
                        209
                    ],
                    "summary": {
                        "covered_lines": 1,
                        "num_statements": 1,
                        "percent_covered": 100.0,
                        "percent_covered_display": "100",
                        "missing_lines": 0,
                        "excluded_lines": 0
                    },
                    "missing_lines": [],
                    "excluded_lines": []
                },
                "test_rounding_employer_withholding_pre2020": {
                    "executed_lines": [
                        241
                    ],
                    "summary": {
                        "covered_lines": 1,
                        "num_statements": 1,
                        "percent_covered": 100.0,
                        "percent_covered_display": "100",
                        "missing_lines": 0,
                        "excluded_lines": 0
                    },
                    "missing_lines": [],
                    "excluded_lines": []
                },
                "test_status_employer_withholding_pre2020": {
                    "executed_lines": [
                        261
                    ],
                    "summary": {
                        "covered_lines": 1,
                        "num_statements": 1,
                        "percent_covered": 100.0,
                        "percent_covered_display": "100",
                        "missing_lines": 0,
                        "excluded_lines": 0
                    },
                    "missing_lines": [],
                    "excluded_lines": []
                },
                "test__employer_withholding_pre2020": {
                    "executed_lines": [
                        281
                    ],
                    "summary": {
                        "covered_lines": 1,
                        "num_statements": 1,
                        "percent_covered": 100.0,
                        "percent_covered_display": "100",
                        "missing_lines": 0,
                        "excluded_lines": 0
                    },
                    "missing_lines": [],
                    "excluded_lines": []
                },
                "": {
                    "executed_lines": [
                        1,
                        3,
                        4,
                        6,
                        9,
                        21,
                        22,
                        26,
                        32,
                        53,
                        63,
                        86,
                        96,
                        116,
                        138,
                        148,
                        158,
                        168,
                        178,
                        188,
                        198,
                        208,
                        219,
                        240,
                        250,
                        260,
                        270,
                        280
                    ],
                    "summary": {
                        "covered_lines": 28,
                        "num_statements": 28,
                        "percent_covered": 100.0,
                        "percent_covered_display": "100",
                        "missing_lines": 0,
                        "excluded_lines": 0
                    },
                    "missing_lines": [],
                    "excluded_lines": []
                }
            },
            "classes": {
                "TestZeroOrNegative": {
                    "executed_lines": [
                        23,
                        24,
                        27,
                        28
                    ],
                    "summary": {
                        "covered_lines": 4,
                        "num_statements": 4,
                        "percent_covered": 100.0,
                        "percent_covered_display": "100",
                        "missing_lines": 0,
                        "excluded_lines": 0
                    },
                    "missing_lines": [],
                    "excluded_lines": []
                },
                "": {
                    "executed_lines": [
                        1,
                        3,
                        4,
                        6,
                        9,
                        21,
                        22,
                        26,
                        32,
                        53,
                        54,
                        63,
                        86,
                        87,
                        96,
                        116,
                        119,
                        120,
                        129,
                        138,
                        148,
                        149,
                        158,
                        168,
                        169,
                        178,
                        188,
                        189,
                        198,
                        208,
                        209,
                        219,
                        240,
                        241,
                        250,
                        260,
                        261,
                        270,
                        280,
                        281
                    ],
                    "summary": {
                        "covered_lines": 40,
                        "num_statements": 40,
                        "percent_covered": 100.0,
                        "percent_covered_display": "100",
                        "missing_lines": 0,
                        "excluded_lines": 0
                    },
                    "missing_lines": [],
                    "excluded_lines": []
                }
            }
        },
        "tests\\federal\\medicare_test.py": {
            "executed_lines": [
                1,
                3,
                4,
                6,
                9,
                21,
                22,
                23,
                24,
                26,
                27,
                28,
                32,
                39,
                42,
                43,
                55,
                62,
                65,
                66,
                77,
                100,
                101,
                102,
                111,
                122,
                153,
                154
            ],
            "summary": {
                "covered_lines": 28,
                "num_statements": 28,
                "percent_covered": 100.0,
                "percent_covered_display": "100",
                "missing_lines": 0,
                "excluded_lines": 0
            },
            "missing_lines": [],
            "excluded_lines": [],
            "functions": {
                "TestForZeroOrNegative.test_required_withholding": {
                    "executed_lines": [
                        23,
                        24
                    ],
                    "summary": {
                        "covered_lines": 2,
                        "num_statements": 2,
                        "percent_covered": 100.0,
                        "percent_covered_display": "100",
                        "missing_lines": 0,
                        "excluded_lines": 0
                    },
                    "missing_lines": [],
                    "excluded_lines": []
                },
                "TestForZeroOrNegative.test_additional_withholding": {
                    "executed_lines": [
                        27,
                        28
                    ],
                    "summary": {
                        "covered_lines": 2,
                        "num_statements": 2,
                        "percent_covered": 100.0,
                        "percent_covered_display": "100",
                        "missing_lines": 0,
                        "excluded_lines": 0
                    },
                    "missing_lines": [],
                    "excluded_lines": []
                },
                "test_required_withholding_zero_with_args": {
                    "executed_lines": [
                        42,
                        43
                    ],
                    "summary": {
                        "covered_lines": 2,
                        "num_statements": 2,
                        "percent_covered": 100.0,
                        "percent_covered_display": "100",
                        "missing_lines": 0,
                        "excluded_lines": 0
                    },
                    "missing_lines": [],
                    "excluded_lines": []
                },
                "test_additional_withholding_zero_with_args": {
                    "executed_lines": [
                        65,
                        66
                    ],
                    "summary": {
                        "covered_lines": 2,
                        "num_statements": 2,
                        "percent_covered": 100.0,
                        "percent_covered_display": "100",
                        "missing_lines": 0,
                        "excluded_lines": 0
                    },
                    "missing_lines": [],
                    "excluded_lines": []
                },
                "test_required_withholding": {
                    "executed_lines": [
                        101,
                        102,
                        111
                    ],
                    "summary": {
                        "covered_lines": 3,
                        "num_statements": 3,
                        "percent_covered": 100.0,
                        "percent_covered_display": "100",
                        "missing_lines": 0,
                        "excluded_lines": 0
                    },
                    "missing_lines": [],
                    "excluded_lines": []
                },
                "test_additional_withholding": {
                    "executed_lines": [
                        154
                    ],
                    "summary": {
                        "covered_lines": 1,
                        "num_statements": 1,
                        "percent_covered": 100.0,
                        "percent_covered_display": "100",
                        "missing_lines": 0,
                        "excluded_lines": 0
                    },
                    "missing_lines": [],
                    "excluded_lines": []
                },
                "": {
                    "executed_lines": [
                        1,
                        3,
                        4,
                        6,
                        9,
                        21,
                        22,
                        26,
                        32,
                        39,
                        55,
                        62,
                        77,
                        100,
                        122,
                        153
                    ],
                    "summary": {
                        "covered_lines": 16,
                        "num_statements": 16,
                        "percent_covered": 100.0,
                        "percent_covered_display": "100",
                        "missing_lines": 0,
                        "excluded_lines": 0
                    },
                    "missing_lines": [],
                    "excluded_lines": []
                }
            },
            "classes": {
                "TestForZeroOrNegative": {
                    "executed_lines": [
                        23,
                        24,
                        27,
                        28
                    ],
                    "summary": {
                        "covered_lines": 4,
                        "num_statements": 4,
                        "percent_covered": 100.0,
                        "percent_covered_display": "100",
                        "missing_lines": 0,
                        "excluded_lines": 0
                    },
                    "missing_lines": [],
                    "excluded_lines": []
                },
                "": {
                    "executed_lines": [
                        1,
                        3,
                        4,
                        6,
                        9,
                        21,
                        22,
                        26,
                        32,
                        39,
                        42,
                        43,
                        55,
                        62,
                        65,
                        66,
                        77,
                        100,
                        101,
                        102,
                        111,
                        122,
                        153,
                        154
                    ],
                    "summary": {
                        "covered_lines": 24,
                        "num_statements": 24,
                        "percent_covered": 100.0,
                        "percent_covered_display": "100",
                        "missing_lines": 0,
                        "excluded_lines": 0
                    },
                    "missing_lines": [],
                    "excluded_lines": []
                }
            }
        },
        "tests\\federal\\social_security_test.py": {
            "executed_lines": [
                1,
                2,
                4,
                5,
                7,
                10,
                22,
                23,
                24,
                28,
                35,
                36,
                37,
                48,
                79,
                80,
                81,
                82,
                92,
                103,
                104
            ],
            "summary": {
                "covered_lines": 21,
                "num_statements": 21,
                "percent_covered": 100.0,
                "percent_covered_display": "100",
                "missing_lines": 0,
                "excluded_lines": 0
            },
            "missing_lines": [],
            "excluded_lines": [],
            "functions": {
                "test_withholding_zero_or_negative": {
                    "executed_lines": [
                        23,
                        24
                    ],
                    "summary": {
                        "covered_lines": 2,
                        "num_statements": 2,
                        "percent_covered": 100.0,
                        "percent_covered_display": "100",
                        "missing_lines": 0,
                        "excluded_lines": 0
                    },
                    "missing_lines": [],
                    "excluded_lines": []
                },
                "test_withholding_zero_with_ytd": {
                    "executed_lines": [
                        36,
                        37
                    ],
                    "summary": {
                        "covered_lines": 2,
                        "num_statements": 2,
                        "percent_covered": 100.0,
                        "percent_covered_display": "100",
                        "missing_lines": 0,
                        "excluded_lines": 0
                    },
                    "missing_lines": [],
                    "excluded_lines": []
                },
                "test_withholding_2024": {
                    "executed_lines": [
                        80,
                        81,
                        82,
                        92,
                        103,
                        104
                    ],
                    "summary": {
                        "covered_lines": 6,
                        "num_statements": 6,
                        "percent_covered": 100.0,
                        "percent_covered_display": "100",
                        "missing_lines": 0,
                        "excluded_lines": 0
                    },
                    "missing_lines": [],
                    "excluded_lines": []
                },
                "": {
                    "executed_lines": [
                        1,
                        2,
                        4,
                        5,
                        7,
                        10,
                        22,
                        28,
                        35,
                        48,
                        79
                    ],
                    "summary": {
                        "covered_lines": 11,
                        "num_statements": 11,
                        "percent_covered": 100.0,
                        "percent_covered_display": "100",
                        "missing_lines": 0,
                        "excluded_lines": 0
                    },
                    "missing_lines": [],
                    "excluded_lines": []
                }
            },
            "classes": {
                "": {
                    "executed_lines": [
                        1,
                        2,
                        4,
                        5,
                        7,
                        10,
                        22,
                        23,
                        24,
                        28,
                        35,
                        36,
                        37,
                        48,
                        79,
                        80,
                        81,
                        82,
                        92,
                        103,
                        104
                    ],
                    "summary": {
                        "covered_lines": 21,
                        "num_statements": 21,
                        "percent_covered": 100.0,
                        "percent_covered_display": "100",
                        "missing_lines": 0,
                        "excluded_lines": 0
                    },
                    "missing_lines": [],
                    "excluded_lines": []
                }
            }
        }
    },
    "totals": {
        "covered_lines": 243,
        "num_statements": 243,
        "percent_covered": 100.0,
        "percent_covered_display": "100",
        "missing_lines": 0,
        "excluded_lines": 0
    }
}